  源.cpp
F:\VC\1.26\源.cpp(540,9): warning C4477: “printf”: 格式字符串“%d”需要类型“int”的参数，但可变参数 1 拥有了类型“size_t”
  F:\VC\1.26\源.cpp(540,9):
  请考虑在格式字符串中使用“%zd”
  
F:\VC\1.26\源.cpp(541,9): warning C4477: “printf”: 格式字符串“%d”需要类型“int”的参数，但可变参数 1 拥有了类型“size_t”
  F:\VC\1.26\源.cpp(541,9):
  请考虑在格式字符串中使用“%zd”
  
F:\VC\1.26\源.cpp(542,9): warning C4477: “printf”: 格式字符串“%d”需要类型“int”的参数，但可变参数 1 拥有了类型“size_t”
  F:\VC\1.26\源.cpp(542,9):
  请考虑在格式字符串中使用“%zd”
  
F:\VC\1.26\源.cpp(543,9): warning C4477: “printf”: 格式字符串“%d”需要类型“int”的参数，但可变参数 1 拥有了类型“size_t”
  F:\VC\1.26\源.cpp(543,9):
  请考虑在格式字符串中使用“%zd”
  
F:\VC\1.26\源.cpp(544,9): warning C4477: “printf”: 格式字符串“%d”需要类型“int”的参数，但可变参数 1 拥有了类型“size_t”
  F:\VC\1.26\源.cpp(544,9):
  请考虑在格式字符串中使用“%zd”
  
F:\VC\1.26\源.cpp(545,9): warning C4477: “printf”: 格式字符串“%d”需要类型“int”的参数，但可变参数 1 拥有了类型“size_t”
  F:\VC\1.26\源.cpp(545,9):
  请考虑在格式字符串中使用“%zd”
  
F:\VC\1.26\源.cpp(546,9): warning C4477: “printf”: 格式字符串“%d”需要类型“int”的参数，但可变参数 1 拥有了类型“size_t”
  F:\VC\1.26\源.cpp(546,9):
  请考虑在格式字符串中使用“%zd”
  
  1.26.vcxproj -> F:\VC\1.26\x64\Debug\1.26.exe
